<?xml version="1.0" encoding="UTF-8"?>
<!-- Generated by org.testng.reporters.JUnitReportReporter -->
<testsuite hostname="LAPTOP-T22UOKH9" failures="1" tests="1" name="runner4.SelectRandomRunner4" time="9.891" errors="0" timestamp="2024-07-17T17:06:01 IST" skipped="0">
  <testcase classname="runner4.SelectRandomRunner4" name="runScenario" time="9.891">
    <failure type="java.lang.AssertionError">
      <![CDATA[java.lang.AssertionError
at steps4.SelectRandomSTEPS.i_should_see_search_results_specific_to_the_chosen_category(SelectRandomSTEPS.java:64)
at ✽.I should see search results specific to the chosen category(file:///C:/Users/LENOVO/Documents/workspace-spring-tool-suite-4-4.22.0.RELEASE/AlphabinCompanyAssignment/src/test/resources/files4/selectrandom.feature:9)
]]>
    </failure>
  </testcase> <!-- runScenario -->
</testsuite> <!-- runner4.SelectRandomRunner4 -->
